#
# There is insufficient memory for the Java Runtime Environment to continue.
# Native memory allocation (malloc) failed to allocate 4402136 bytes. Error detail: Chunk::new
# Possible reasons:
#   The system is out of physical RAM or swap space
#   This process is running with CompressedOops enabled, and the Java Heap may be blocking the growth of the native heap
# Possible solutions:
#   Reduce memory load on the system
#   Increase physical memory or swap space
#   Check if swap backing store is full
#   Decrease Java heap size (-Xmx/-Xms)
#   Decrease number of Java threads
#   Decrease Java thread stack sizes (-Xss)
#   Set larger code cache with -XX:ReservedCodeCacheSize=
#   JVM is running with Unscaled Compressed Oops mode in which the Java heap is
#     placed in the first 4GB address space. The Java Heap base address is the
#     maximum limit for the native heap growth. Please use -XX:HeapBaseMinAddress
#     to set the Java Heap base and to place the Java Heap above 4GB virtual address.
# This output file may be truncated or incomplete.
#
#  Out of Memory Error (arena.cpp:186), pid=8020, tid=2316
#
# JRE version: Java(TM) SE Runtime Environment (25.0.2+10) (build 25.0.2+10-LTS-69)
# Java VM: Java HotSpot(TM) 64-Bit Server VM (25.0.2+10-LTS-69, mixed mode, sharing, tiered, compressed oops, compressed class ptrs, g1 gc, windows-amd64)
# No core dump will be written. Minidumps are not enabled by default on client versions of Windows
#

---------------  S U M M A R Y ------------

Command Line: -javaagent:C:\Program Files\JetBrains\IntelliJ IDEA 2025.3.2\New\bin\IntelliJ IDEA 2025.3.2\lib\idea_rt.jar=65060 -Dfile.encoding=UTF-8 -Dsun.stdout.encoding=UTF-8 -Dsun.stderr.encoding=UTF-8 ProjectEccommerce.WebTable_ProductPage

Host: AMD A6-9225 RADEON R4, 5 COMPUTE CORES 2C+3G   , 2 cores, 3G,  Windows 10 , 64 bit Build 19041 (10.0.19041.5915)
Time: Tue Jun 16 11:31:51 2026 India Standard Time elapsed time: 64.388795 seconds (0d 0h 1m 4s)

---------------  T H R E A D  ---------------

Current thread (0x00000210fb6b9ad0):  JavaThread "C2 CompilerThread0" daemon [_thread_in_native, id=2316, stack(0x000000b43b000000,0x000000b43b100000) (1024K)]


Current CompileTask:
C2:64389 1968       4       java.util.jar.JarFile::getEntry (35 bytes)

Stack: [0x000000b43b000000,0x000000b43b100000]
Native frames: (J=compiled Java code, j=interpreted, Vv=VM code, C=native code)
V  [jvm.dll+0x7a70f9]  (no source info available)
V  [jvm.dll+0x772d6d]  (no source info available)
V  [jvm.dll+0x965d53]  (no source info available)
V  [jvm.dll+0x968351]  (no source info available)
V  [jvm.dll+0x968a63]  (no source info available)
V  [jvm.dll+0x2fc846]  (no source info available)
V  [jvm.dll+0x111b16]  (no source info available)
V  [jvm.dll+0x111e3e]  (no source info available)
V  [jvm.dll+0x1a0872]  (no source info available)
V  [jvm.dll+0x3b54c2]  (no source info available)
V  [jvm.dll+0x7aca8f]  (no source info available)
V  [jvm.dll+0x2c0b97]  (no source info available)
V  [jvm.dll+0x2bfb5f]  (no source info available)
V  [jvm.dll+0x2379a0]  (no source info available)
V  [jvm.dll+0x2cfc86]  (no source info available)
V  [jvm.dll+0x2cdf05]  (no source info available)
V  [jvm.dll+0x48e9d1]  (no source info available)
V  [jvm.dll+0x906fcd]  (no source info available)
V  [jvm.dll+0x7a56d5]  (no source info available)
C  [ucrtbase.dll+0x21bb2]  (no source info available)
C  [KERNEL32.DLL+0x17374]  (no source info available)
C  [ntdll.dll+0x4cc91]  (no source info available)

Lock stack of current Java thread (top to bottom):


---------------  P R O C E S S  ---------------

Threads class SMR info:
_java_thread_list=0x000002109c36d0d0, length=22, elements={
0x00000210f8390540, 0x00000210fb6aa120, 0x00000210fb6aae60, 0x00000210fb6af360,
0x00000210fb6b0940, 0x00000210fb6b1680, 0x00000210fb6b3f70, 0x00000210fb6b9ad0,
0x00000210fb6bd630, 0x00000210978d03d0, 0x000002109c1c7090, 0x000002109c1aa810,
0x000002109c7c83d0, 0x000002109c23e120, 0x000002109c258400, 0x000002109c258bc0,
0x000002109c25ff30, 0x000002109c7c7490, 0x000002109c941080, 0x0000021097823fb0,
0x0000021097828dd0, 0x0000021097824f50
}

Java Threads: ( => current thread )
  0x00000210f8390540 JavaThread "main"                              [_thread_in_Java, id=4924, stack(0x000000b43a200000,0x000000b43a300000) (1024K)]
  0x00000210fb6aa120 JavaThread "Reference Handler"          daemon [_thread_blocked, id=17960, stack(0x000000b43aa00000,0x000000b43ab00000) (1024K)]
  0x00000210fb6aae60 JavaThread "Finalizer"                  daemon [_thread_blocked, id=7196, stack(0x000000b43ab00000,0x000000b43ac00000) (1024K)]
  0x00000210fb6af360 JavaThread "Signal Dispatcher"          daemon [_thread_blocked, id=5396, stack(0x000000b43ac00000,0x000000b43ad00000) (1024K)]
  0x00000210fb6b0940 JavaThread "Attach Listener"            daemon [_thread_blocked, id=8648, stack(0x000000b43ad00000,0x000000b43ae00000) (1024K)]
  0x00000210fb6b1680 JavaThread "Service Thread"             daemon [_thread_blocked, id=14392, stack(0x000000b43ae00000,0x000000b43af00000) (1024K)]
  0x00000210fb6b3f70 JavaThread "Monitor Deflation Thread"   daemon [_thread_blocked, id=16208, stack(0x000000b43af00000,0x000000b43b000000) (1024K)]
=>0x00000210fb6b9ad0 JavaThread "C2 CompilerThread0"         daemon [_thread_in_native, id=2316, stack(0x000000b43b000000,0x000000b43b100000) (1024K)]
  0x00000210fb6bd630 JavaThread "C1 CompilerThread0"         daemon [_thread_blocked, id=14160, stack(0x000000b43b100000,0x000000b43b200000) (1024K)]
  0x00000210978d03d0 JavaThread "Common-Cleaner"             daemon [_thread_blocked, id=13188, stack(0x000000b43b200000,0x000000b43b300000) (1024K)]
  0x000002109c1c7090 JavaThread "Monitor Ctrl-Break"         daemon [_thread_in_native, id=1264, stack(0x000000b43b300000,0x000000b43b400000) (1024K)]
  0x000002109c1aa810 JavaThread "Notification Thread"        daemon [_thread_blocked, id=4876, stack(0x000000b43b400000,0x000000b43b500000) (1024K)]
  0x000002109c7c83d0 JavaThread "ForkJoinPool.commonPool-worker-1" daemon [_thread_blocked, id=18092, stack(0x000000b43b600000,0x000000b43b700000) (1024K)]
  0x000002109c23e120 JavaThread "HttpClient-1-SelectorManager" daemon [_thread_in_native, id=17008, stack(0x000000b43b700000,0x000000b43b800000) (1024K)]
  0x000002109c258400 JavaThread "External Process Output Forwarder - C:\Users\Win-10\.cache\selenium\chromedriver\win64\149.0.7827.115\chromedriver.exe" daemon [_thread_in_native, id=10564, stack(0x000000b43b800000,0x000000b43b900000) (1024K)]
  0x000002109c258bc0 JavaThread "Driver Service Executor"    daemon [_thread_blocked, id=17212, stack(0x000000b43b900000,0x000000b43ba00000) (1024K)]
  0x000002109c25ff30 JavaThread "Driver Service Executor"    daemon [_thread_blocked, id=15712, stack(0x000000b43ba00000,0x000000b43bb00000) (1024K)]
  0x000002109c7c7490 JavaThread "UrlChecker-2"               daemon [_thread_blocked, id=13180, stack(0x000000b43bb00000,0x000000b43bc00000) (1024K)]
  0x000002109c941080 JavaThread "JdkHttpClient-0-0"          daemon [_thread_blocked, id=12976, stack(0x000000b43be00000,0x000000b43bf00000) (1024K)]
  0x0000021097823fb0 JavaThread "ForkJoinPool.commonPool-delayScheduler" daemon [_thread_blocked, id=2804, stack(0x000000b43bf00000,0x000000b43c000000) (1024K)]
  0x0000021097828dd0 JavaThread "JdkHttpClient-0-1"          daemon [_thread_blocked, id=16880, stack(0x000000b43c000000,0x000000b43c100000) (1024K)]
  0x0000021097824f50 JavaThread "JdkHttpClient-0-2"          daemon [_thread_blocked, id=15732, stack(0x000000b43c100000,0x000000b43c200000) (1024K)]
Total: 22

Other Threads:
  0x00000210f844ea60 VMThread "VM Thread"                           [id=15888, stack(0x000000b43a800000,0x000000b43a900000) (1024K)]
  0x00000210fb69cb40 WatcherThread "VM Periodic Task Thread"        [id=7520, stack(0x000000b43a900000,0x000000b43aa00000) (1024K)]
  0x00000210f83c54f0 WorkerThread "GC Thread#0"                     [id=9624, stack(0x000000b43a300000,0x000000b43a400000) (1024K)]
  0x000002109c6b8ff0 WorkerThread "GC Thread#1"                     [id=5236, stack(0x000000b43b500000,0x000000b43b600000) (1024K)]
  0x00000210f83d0880 ConcurrentGCThread "G1 Main Marker"            [id=17536, stack(0x000000b43a400000,0x000000b43a500000) (1024K)]
  0x00000210f83d4740 WorkerThread "G1 Conc#0"                       [id=16764, stack(0x000000b43a500000,0x000000b43a600000) (1024K)]
  0x00000210f83ed460 ConcurrentGCThread "G1 Refine#0"               [id=10412, stack(0x000000b43a600000,0x000000b43a700000) (1024K)]
  0x00000210f83eeb10 ConcurrentGCThread "G1 Service"                [id=6604, stack(0x000000b43a700000,0x000000b43a800000) (1024K)]
Total: 8

Threads with active compile tasks:
C2 CompilerThread0  64577 1968       4       java.util.jar.JarFile::getEntry (35 bytes)
Total: 1

VM state: not at safepoint (normal execution)

VM Mutex/Monitor currently owned by a thread: None

Heap address: 0x00000000c9c00000, size: 868 MB, Compressed Oops mode: 32-bit

CDS archive(s) mapped at: [0x000000003b000000-0x000000003bdd0000-0x000000003bdd0000), size 14483456, SharedBaseAddress: 0x000000003b000000, ArchiveRelocationMode: 1.
Compressed class space mapped at: 0x000000003c000000-0x000000007c000000, reserved size: 1073741824
UseCompressedClassPointers 1, UseCompactObjectHeaders 0
Narrow klass pointer bits 32, Max shift 3
Narrow klass base: 0x000000003b000000, Narrow klass shift: 0
Encoding Range: [0x000000003b000000 - 0x000000013b000000), (4294967296 bytes)
Klass Range:    [0x000000003b010000 - 0x000000007c000000), (1090453504 bytes)
Klass ID Range:  [65536 - 1090519033) (1090453497)
Protection zone: [0x000000003b000000 - 0x000000003b010000), (65536 bytes)

GC Precious Log:
 CardTable entry size: 512
 Card Set container configuration: InlinePtr #cards 5 size 8 Array Of Cards #cards 10 size 36 Howl #buckets 4 coarsen threshold 1843 Howl Bitmap #cards 512 size 80 coarsen threshold 460 Card regions per heap region 1 cards per card region 2048
 CPUs: 2 total, 2 available
 Memory: 3471M
 Large Page Support: Disabled
 NUMA Support: Disabled
 Compressed Oops: Enabled (32-bit)
 Heap Region Size: 1M
 Heap Min Capacity: 8M
 Heap Initial Capacity: 56M
 Heap Max Capacity: 868M
 Pre-touch: Disabled
 Parallel Workers: 2
 Concurrent Workers: 1
 Concurrent Refinement Workers: 2
 Periodic GC: Disabled

Heap:
 garbage-first heap   total reserved 888832K, committed 59392K, used 23359K [0x00000000c9c00000, 0x0000000100000000)
  region size 1024K, 13 young (13312K), 3 survivors (3072K)

Heap Regions: E=young(eden), S=young(survivor), O=old, HS=humongous(starts), HC=humongous(continues), CS=collection set, F=free, TAMS=top-at-mark-start, PB=parsable bottom
|   0|0x00000000c9c00000, 0x00000000c9d00000, 0x00000000c9d00000|100%|HS|  |TAMS 0x00000000c9c00000| PB 0x00000000c9c00000| Complete |  0
|   1|0x00000000c9d00000, 0x00000000c9e00000, 0x00000000c9e00000|100%|HS|  |TAMS 0x00000000c9d00000| PB 0x00000000c9d00000| Complete |  0
|   2|0x00000000c9e00000, 0x00000000c9f00000, 0x00000000c9f00000|100%| O|  |TAMS 0x00000000c9e00000| PB 0x00000000c9e00000| Untracked |  0
|   3|0x00000000c9f00000, 0x00000000ca000000, 0x00000000ca000000|100%|HS|  |TAMS 0x00000000c9f00000| PB 0x00000000c9f00000| Complete |  0
|   4|0x00000000ca000000, 0x00000000ca100000, 0x00000000ca100000|100%|HC|  |TAMS 0x00000000ca000000| PB 0x00000000ca000000| Complete |  0
|   5|0x00000000ca100000, 0x00000000ca200000, 0x00000000ca200000|100%| O|  |TAMS 0x00000000ca100000| PB 0x00000000ca100000| Untracked |  0
|   6|0x00000000ca200000, 0x00000000ca300000, 0x00000000ca300000|100%| O|  |TAMS 0x00000000ca200000| PB 0x00000000ca200000| Untracked |  0
|   7|0x00000000ca300000, 0x00000000ca400000, 0x00000000ca400000|100%| O|  |TAMS 0x00000000ca300000| PB 0x00000000ca300000| Untracked |  0
|   8|0x00000000ca400000, 0x00000000ca500000, 0x00000000ca500000|100%| O|  |TAMS 0x00000000ca400000| PB 0x00000000ca400000| Untracked |  0
|   9|0x00000000ca500000, 0x00000000ca600000, 0x00000000ca600000|100%| O|  |TAMS 0x00000000ca500000| PB 0x00000000ca500000| Untracked |  0
|  10|0x00000000ca600000, 0x00000000ca700000, 0x00000000ca700000|100%| O|  |TAMS 0x00000000ca600000| PB 0x00000000ca600000| Untracked |  0
|  11|0x00000000ca700000, 0x00000000ca71ae30, 0x00000000ca800000| 10%| O|  |TAMS 0x00000000ca700000| PB 0x00000000ca700000| Untracked |  0
|  12|0x00000000ca800000, 0x00000000ca800000, 0x00000000ca900000|  0%| F|  |TAMS 0x00000000ca800000| PB 0x00000000ca800000| Untracked |  0
|  13|0x00000000ca900000, 0x00000000ca900000, 0x00000000caa00000|  0%| F|  |TAMS 0x00000000ca900000| PB 0x00000000ca900000| Untracked |  0
|  14|0x00000000caa00000, 0x00000000caa00000, 0x00000000cab00000|  0%| F|  |TAMS 0x00000000caa00000| PB 0x00000000caa00000| Untracked |  0
|  15|0x00000000cab00000, 0x00000000cab00000, 0x00000000cac00000|  0%| F|  |TAMS 0x00000000cab00000| PB 0x00000000cab00000| Untracked |  0
|  16|0x00000000cac00000, 0x00000000cac00000, 0x00000000cad00000|  0%| F|  |TAMS 0x00000000cac00000| PB 0x00000000cac00000| Untracked |  0
|  17|0x00000000cad00000, 0x00000000cad00000, 0x00000000cae00000|  0%| F|  |TAMS 0x00000000cad00000| PB 0x00000000cad00000| Untracked |  0
|  18|0x00000000cae00000, 0x00000000cae00000, 0x00000000caf00000|  0%| F|  |TAMS 0x00000000cae00000| PB 0x00000000cae00000| Untracked |  0
|  19|0x00000000caf00000, 0x00000000caf00000, 0x00000000cb000000|  0%| F|  |TAMS 0x00000000caf00000| PB 0x00000000caf00000| Untracked |  0
|  20|0x00000000cb000000, 0x00000000cb000000, 0x00000000cb100000|  0%| F|  |TAMS 0x00000000cb000000| PB 0x00000000cb000000| Untracked |  0
|  21|0x00000000cb100000, 0x00000000cb100000, 0x00000000cb200000|  0%| F|  |TAMS 0x00000000cb100000| PB 0x00000000cb100000| Untracked |  0
|  22|0x00000000cb200000, 0x00000000cb200000, 0x00000000cb300000|  0%| F|  |TAMS 0x00000000cb200000| PB 0x00000000cb200000| Untracked |  0
|  23|0x00000000cb300000, 0x00000000cb300000, 0x00000000cb400000|  0%| F|  |TAMS 0x00000000cb300000| PB 0x00000000cb300000| Untracked |  0
|  24|0x00000000cb400000, 0x00000000cb400000, 0x00000000cb500000|  0%| F|  |TAMS 0x00000000cb400000| PB 0x00000000cb400000| Untracked |  0
|  25|0x00000000cb500000, 0x00000000cb500000, 0x00000000cb600000|  0%| F|  |TAMS 0x00000000cb500000| PB 0x00000000cb500000| Untracked |  0
|  26|0x00000000cb600000, 0x00000000cb600000, 0x00000000cb700000|  0%| F|  |TAMS 0x00000000cb600000| PB 0x00000000cb600000| Untracked |  0
|  27|0x00000000cb700000, 0x00000000cb700000, 0x00000000cb800000|  0%| F|  |TAMS 0x00000000cb700000| PB 0x00000000cb700000| Untracked |  0
|  28|0x00000000cb800000, 0x00000000cb800000, 0x00000000cb900000|  0%| F|  |TAMS 0x00000000cb800000| PB 0x00000000cb800000| Untracked |  0
|  29|0x00000000cb900000, 0x00000000cb900000, 0x00000000cba00000|  0%| F|  |TAMS 0x00000000cb900000| PB 0x00000000cb900000| Untracked |  0
|  30|0x00000000cba00000, 0x00000000cba00000, 0x00000000cbb00000|  0%| F|  |TAMS 0x00000000cba00000| PB 0x00000000cba00000| Untracked |  0
|  31|0x00000000cbb00000, 0x00000000cbb00000, 0x00000000cbc00000|  0%| F|  |TAMS 0x00000000cbb00000| PB 0x00000000cbb00000| Untracked |  0
|  32|0x00000000cbc00000, 0x00000000cbc00000, 0x00000000cbd00000|  0%| F|  |TAMS 0x00000000cbc00000| PB 0x00000000cbc00000| Untracked |  0
|  33|0x00000000cbd00000, 0x00000000cbd00000, 0x00000000cbe00000|  0%| F|  |TAMS 0x00000000cbd00000| PB 0x00000000cbd00000| Untracked |  0
|  34|0x00000000cbe00000, 0x00000000cbe8f880, 0x00000000cbf00000| 56%| S|CS|TAMS 0x00000000cbe00000| PB 0x00000000cbe00000| Complete |  0
|  35|0x00000000cbf00000, 0x00000000cc000000, 0x00000000cc000000|100%| S|CS|TAMS 0x00000000cbf00000| PB 0x00000000cbf00000| Complete |  0
|  36|0x00000000cc000000, 0x00000000cc100000, 0x00000000cc100000|100%| S|CS|TAMS 0x00000000cc000000| PB 0x00000000cc000000| Complete |  0
|  37|0x00000000cc100000, 0x00000000cc100000, 0x00000000cc200000|  0%| F|  |TAMS 0x00000000cc100000| PB 0x00000000cc100000| Untracked |  0
|  38|0x00000000cc200000, 0x00000000cc200000, 0x00000000cc300000|  0%| F|  |TAMS 0x00000000cc200000| PB 0x00000000cc200000| Untracked |  0
|  39|0x00000000cc300000, 0x00000000cc300000, 0x00000000cc400000|  0%| F|  |TAMS 0x00000000cc300000| PB 0x00000000cc300000| Untracked |  0
|  40|0x00000000cc400000, 0x00000000cc400000, 0x00000000cc500000|  0%| F|  |TAMS 0x00000000cc400000| PB 0x00000000cc400000| Untracked |  0
|  41|0x00000000cc500000, 0x00000000cc500000, 0x00000000cc600000|  0%| F|  |TAMS 0x00000000cc500000| PB 0x00000000cc500000| Untracked |  0
|  42|0x00000000cc600000, 0x00000000cc600000, 0x00000000cc700000|  0%| F|  |TAMS 0x00000000cc600000| PB 0x00000000cc600000| Untracked |  0
|  43|0x00000000cc700000, 0x00000000cc700000, 0x00000000cc800000|  0%| F|  |TAMS 0x00000000cc700000| PB 0x00000000cc700000| Untracked |  0
|  44|0x00000000cc800000, 0x00000000cc800000, 0x00000000cc900000|  0%| F|  |TAMS 0x00000000cc800000| PB 0x00000000cc800000| Untracked |  0
|  45|0x00000000cc900000, 0x00000000cc900000, 0x00000000cca00000|  0%| F|  |TAMS 0x00000000cc900000| PB 0x00000000cc900000| Untracked |  0
|  46|0x00000000cca00000, 0x00000000ccaa1db0, 0x00000000ccb00000| 63%| E|  |TAMS 0x00000000cca00000| PB 0x00000000cca00000| Complete |  0
|  47|0x00000000ccb00000, 0x00000000ccc00000, 0x00000000ccc00000|100%| E|CS|TAMS 0x00000000ccb00000| PB 0x00000000ccb00000| Complete |  0
|  48|0x00000000ccc00000, 0x00000000ccd00000, 0x00000000ccd00000|100%| E|CS|TAMS 0x00000000ccc00000| PB 0x00000000ccc00000| Complete |  0
|  49|0x00000000ccd00000, 0x00000000cce00000, 0x00000000cce00000|100%| E|CS|TAMS 0x00000000ccd00000| PB 0x00000000ccd00000| Complete |  0
|  50|0x00000000cce00000, 0x00000000ccf00000, 0x00000000ccf00000|100%| E|CS|TAMS 0x00000000cce00000| PB 0x00000000cce00000| Complete |  0
|  51|0x00000000ccf00000, 0x00000000cd000000, 0x00000000cd000000|100%| E|  |TAMS 0x00000000ccf00000| PB 0x00000000ccf00000| Complete |  0
|  52|0x00000000cd000000, 0x00000000cd100000, 0x00000000cd100000|100%| E|CS|TAMS 0x00000000cd000000| PB 0x00000000cd000000| Complete |  0
|  53|0x00000000cd100000, 0x00000000cd200000, 0x00000000cd200000|100%| E|CS|TAMS 0x00000000cd100000| PB 0x00000000cd100000| Complete |  0
|  54|0x00000000cd200000, 0x00000000cd300000, 0x00000000cd300000|100%| E|CS|TAMS 0x00000000cd200000| PB 0x00000000cd200000| Complete |  0
|  55|0x00000000cd300000, 0x00000000cd400000, 0x00000000cd400000|100%| E|CS|TAMS 0x00000000cd300000| PB 0x00000000cd300000| Complete |  0
| 866|0x00000000ffe00000, 0x00000000fff00000, 0x00000000fff00000|100%| O|  |TAMS 0x00000000ffe00000| PB 0x00000000ffe00000| Untracked |  0
| 867|0x00000000fff00000, 0x00000000fff257b8, 0x0000000100000000| 14%| O|  |TAMS 0x00000000fff00000| PB 0x00000000fff00000| Untracked |  0

Card table byte_map: [0x00000210f8450000,0x00000210f8610000] _byte_map_base: 0x00000210f7e02000

Marking Bits: (CMBitMap*) 0x00000210f83c5c80
 Bits: [0x00000210f8610000, 0x00000210f93a0000)

Polling page: 0x00000210f61c0000

Metaspace:
Metaspace        used 11832K, committed 12032K, reserved 1114112K
 class space     used 1441K, committed 1536K, reserved 1048576K

Usage:
  Non-class:     10.15 MB used.
      Class:      1.41 MB used.
       Both:     11.56 MB used.

Virtual space:
  Non-class space:       64.00 MB reserved,      10.25 MB ( 16%) committed,  1 nodes.
      Class space:        1.00 GB reserved,       1.50 MB ( <1%) committed,  1 nodes.
             Both:        1.06 GB reserved,      11.75 MB (  1%) committed. 

Chunk freelists:
   Non-Class:  5.20 MB
       Class:  14.34 MB
        Both:  19.55 MB

MaxMetaspaceSize: unlimited
CompressedClassSpaceSize: 1.00 GB
Initial GC threshold: 21.00 MB
Current GC threshold: 21.00 MB
CDS: on
 - commit_granule_bytes: 65536.
 - commit_granule_words: 8192.
 - virtual_space_node_default_size: 8388608.
 - enlarge_chunks_in_place: 1.
UseCompressedClassPointers 1, UseCompactObjectHeaders 0
Narrow klass pointer bits 32, Max shift 3
Narrow klass base: 0x000000003b000000, Narrow klass shift: 0
Encoding Range: [0x000000003b000000 - 0x000000013b000000), (4294967296 bytes)
Klass Range:    [0x000000003b010000 - 0x000000007c000000), (1090453504 bytes)
Klass ID Range:  [65536 - 1090519033) (1090453497)
Protection zone: [0x000000003b000000 - 0x000000003b010000), (65536 bytes)


Internal statistics:

num_allocs_failed_limit: 0.
num_arena_births: 168.
num_arena_deaths: 0.
num_vsnodes_births: 2.
num_vsnodes_deaths: 0.
num_space_committed: 188.
num_space_uncommitted: 0.
num_chunks_returned_to_freelist: 0.
num_chunks_taken_from_freelist: 417.
num_chunk_merges: 0.
num_chunk_splits: 250.
num_chunks_enlarged: 163.
num_inconsistent_stats: 0.

CodeHeap 'non-profiled nmethods': size=120128Kb used=536Kb max_used=536Kb free=119592Kb
 bounds [0x0000021090280000, 0x00000210904f0000, 0x00000210977d0000]
CodeHeap 'profiled nmethods': size=120000Kb used=3060Kb max_used=3060Kb free=116939Kb
 bounds [0x00000210887d0000, 0x0000021088ad0000, 0x000002108fd00000]
CodeHeap 'non-nmethods': size=5632Kb used=1426Kb max_used=1449Kb free=4205Kb
 bounds [0x000002108fd00000, 0x000002108ff70000, 0x0000021090280000]
CodeCache: size=245760Kb, used=5022Kb, max_used=5045Kb, free=240736Kb
 total_blobs=2528, nmethods=1983, adapters=448, full_count=0
Compilation: enabled, stopped_count=0, restarted_count=0

Compilation events (20 events):
Event: 64.055 Thread 0x00000210fb6bd630 nmethod 1965 0x0000021090305408 code [0x0000021090305500, 0x00000210903055c8]
Event: 64.055 Thread 0x00000210fb6bd630 1966  s    3       jdk.internal.perf.PerfCounter::add (18 bytes)
Event: 64.056 Thread 0x00000210fb6bd630 nmethod 1966 0x0000021088abcf08 code [0x0000021088abd000, 0x0000021088abd508]
Event: 64.056 Thread 0x00000210fb6bd630 1967  s    3       jdk.internal.perf.PerfCounter::get (9 bytes)
Event: 64.057 Thread 0x00000210fb6bd630 nmethod 1967 0x0000021088abd588 code [0x0000021088abd680, 0x0000021088abd930]
Event: 64.060 Thread 0x00000210fb6b9ad0 1968       4       java.util.jar.JarFile::getEntry (35 bytes)
Event: 64.088 Thread 0x00000210fb6bd630 1970       1       java.lang.reflect.Constructor::getModifiers (5 bytes)
Event: 64.088 Thread 0x00000210fb6bd630 nmethod 1970 0x0000021090305708 code [0x0000021090305800, 0x00000210903058c8]
Event: 64.108 Thread 0x00000210fb6bd630 1971       1       java.util.stream.ReduceOps$Box::get (5 bytes)
Event: 64.108 Thread 0x00000210fb6bd630 nmethod 1971 0x0000021090305a08 code [0x0000021090305b00, 0x0000021090305bc8]
Event: 64.109 Thread 0x00000210fb6bd630 1972       1       java.util.stream.Collectors$CollectorImpl::finisher (5 bytes)
Event: 64.109 Thread 0x00000210fb6bd630 nmethod 1972 0x0000021090305d08 code [0x0000021090305e00, 0x0000021090305ec8]
Event: 64.110 Thread 0x00000210fb6bd630 1973       3       java.util.stream.ReferencePipeline$2::opWrapSink (14 bytes)
Event: 64.111 Thread 0x00000210fb6bd630 nmethod 1973 0x0000021088abd988 code [0x0000021088abda80, 0x0000021088abe060]
Event: 64.111 Thread 0x00000210fb6bd630 1974       3       java.util.stream.ReferencePipeline$2$1::begin (13 bytes)
Event: 64.111 Thread 0x00000210fb6bd630 nmethod 1974 0x0000021088abe088 code [0x0000021088abe180, 0x0000021088abe358]
Event: 64.112 Thread 0x00000210fb6bd630 1975       3       java.util.stream.ReferencePipeline::filter (22 bytes)
Event: 64.112 Thread 0x00000210fb6bd630 nmethod 1975 0x0000021088abe388 code [0x0000021088abe480, 0x0000021088abe9a8]
Event: 64.116 Thread 0x00000210fb6bd630 1976       3       java.lang.invoke.LambdaForm$MH/0x000000003c048800::invoke (25 bytes)
Event: 64.117 Thread 0x00000210fb6bd630 nmethod 1976 0x0000021088abea08 code [0x0000021088abeb00, 0x0000021088abf058]

GC Heap Usage History (4 events):
Event: 8.146 {heap Before GC invocations=0 (full 0):
 garbage-first heap   total reserved 888832K, committed 59392K, used 19605K [0x00000000c9c00000, 0x0000000100000000)
  region size 1024K, 14 young (14336K), 0 survivors (0K)
}
Event: 8.244 {heap After GC invocations=1 (full 0):
 garbage-first heap   total reserved 888832K, committed 59392K, used 12309K [0x00000000c9c00000, 0x0000000100000000)
  region size 1024K, 2 young (2048K), 2 survivors (2048K)
}
Event: 20.124 {heap Before GC invocations=1 (full 0):
 garbage-first heap   total reserved 888832K, committed 59392K, used 28693K [0x00000000c9c00000, 0x0000000100000000)
  region size 1024K, 19 young (19456K), 2 survivors (2048K)
}
Event: 20.142 {heap After GC invocations=2 (full 0):
 garbage-first heap   total reserved 888832K, committed 59392K, used 15167K [0x00000000c9c00000, 0x0000000100000000)
  region size 1024K, 3 young (3072K), 3 survivors (3072K)
}

Metaspace Usage History (4 events):
Event: 8.146 {metaspace Before GC invocations=0 (full 0):
 Metaspace       used 2707K, committed 2944K, reserved 1114112K
  class space    used 291K, committed 384K, reserved 1048576K
}
Event: 8.244 {metaspace After GC invocations=1 (full 0):
 Metaspace       used 2707K, committed 2944K, reserved 1114112K
  class space    used 291K, committed 384K, reserved 1048576K
}
Event: 20.124 {metaspace Before GC invocations=1 (full 0):
 Metaspace       used 9176K, committed 9472K, reserved 1114112K
  class space    used 1064K, committed 1216K, reserved 1048576K
}
Event: 20.142 {metaspace After GC invocations=2 (full 0):
 Metaspace       used 9176K, committed 9472K, reserved 1114112K
  class space    used 1064K, committed 1216K, reserved 1048576K
}

Dll operation events (9 events):
Event: 0.058 Loaded shared library C:\Program Files\Java\jdk-25.0.2\bin\java.dll
Event: 1.571 Loaded shared library C:\Program Files\Java\jdk-25.0.2\bin\zip.dll
Event: 1.619 Loaded shared library C:\Program Files\Java\jdk-25.0.2\bin\instrument.dll
Event: 1.660 Loaded shared library C:\Program Files\Java\jdk-25.0.2\bin\net.dll
Event: 1.669 Loaded shared library C:\Program Files\Java\jdk-25.0.2\bin\nio.dll
Event: 1.685 Loaded shared library C:\Program Files\Java\jdk-25.0.2\bin\zip.dll
Event: 3.618 Loaded shared library C:\Program Files\Java\jdk-25.0.2\bin\extnet.dll
Event: 3.788 Loaded shared library C:\Program Files\Java\jdk-25.0.2\bin\jimage.dll
Event: 10.739 Loaded shared library C:\Program Files\Java\jdk-25.0.2\bin\sunmscapi.dll

Deoptimization events (20 events):
Event: 21.032 Thread 0x0000021097828dd0 Uncommon trap: trap_request=0xffffffde fr.pc=0x00000210902fa95c relative=0x00000000000000dc
Event: 21.032 Thread 0x0000021097828dd0 Uncommon trap: reason=class_check action=maybe_recompile pc=0x00000210902fa95c method=jdk.internal.misc.Unsafe.allocateUninitializedArray(Ljava/lang/Class;I)Ljava/lang/Object; @ 51 c2
Event: 21.032 Thread 0x0000021097828dd0 DEOPT PACKING pc=0x00000210902fa95c sp=0x000000b43c0fdd00
Event: 21.032 Thread 0x0000021097828dd0 DEOPT UNPACKING pc=0x000002108fd88c82 sp=0x000000b43c0fdc78 mode 2
Event: 21.032 Thread 0x0000021097828dd0 Uncommon trap: trap_request=0xffffffde fr.pc=0x00000210902fa95c relative=0x00000000000000dc
Event: 21.032 Thread 0x0000021097828dd0 Uncommon trap: reason=class_check action=maybe_recompile pc=0x00000210902fa95c method=jdk.internal.misc.Unsafe.allocateUninitializedArray(Ljava/lang/Class;I)Ljava/lang/Object; @ 51 c2
Event: 21.032 Thread 0x0000021097828dd0 DEOPT PACKING pc=0x00000210902fa95c sp=0x000000b43c0fd980
Event: 21.032 Thread 0x0000021097828dd0 DEOPT UNPACKING pc=0x000002108fd88c82 sp=0x000000b43c0fd8f8 mode 2
Event: 21.032 Thread 0x0000021097828dd0 Uncommon trap: trap_request=0xffffffde fr.pc=0x00000210902fa95c relative=0x00000000000000dc
Event: 21.032 Thread 0x0000021097828dd0 Uncommon trap: reason=class_check action=maybe_recompile pc=0x00000210902fa95c method=jdk.internal.misc.Unsafe.allocateUninitializedArray(Ljava/lang/Class;I)Ljava/lang/Object; @ 51 c2
Event: 21.032 Thread 0x0000021097828dd0 DEOPT PACKING pc=0x00000210902fa95c sp=0x000000b43c0fdab0
Event: 21.032 Thread 0x0000021097828dd0 DEOPT UNPACKING pc=0x000002108fd88c82 sp=0x000000b43c0fda28 mode 2
Event: 61.829 Thread 0x000002109c941080 DEOPT PACKING pc=0x000002108880d758 sp=0x000000b43befd680
Event: 61.829 Thread 0x000002109c941080 DEOPT UNPACKING pc=0x000002108fd51282 sp=0x000000b43befcb10 mode 0
Event: 62.001 Thread 0x000002109c941080 DEOPT PACKING pc=0x00000210887d82a8 sp=0x000000b43bef9310
Event: 62.001 Thread 0x000002109c941080 DEOPT UNPACKING pc=0x000002108fd51282 sp=0x000000b43bef8780 mode 0
Event: 64.110 Thread 0x00000210f8390540 Uncommon trap: trap_request=0xffffff45 fr.pc=0x00000210902d4ee8 relative=0x0000000000000b68
Event: 64.110 Thread 0x00000210f8390540 Uncommon trap: reason=unstable_if action=reinterpret pc=0x00000210902d4ee8 method=java.util.concurrent.ConcurrentHashMap.putVal(Ljava/lang/Object;Ljava/lang/Object;Z)Ljava/lang/Object; @ 231 c2
Event: 64.110 Thread 0x00000210f8390540 DEOPT PACKING pc=0x00000210902d4ee8 sp=0x000000b43a2feab0
Event: 64.110 Thread 0x00000210f8390540 DEOPT UNPACKING pc=0x000002108fd88c82 sp=0x000000b43a2fea10 mode 2

Classes loaded (20 events):
Event: 61.557 Loading class java/util/stream/LongPipeline$StatelessOp done
Event: 61.557 Loading class java/util/stream/ReferencePipeline$5 done
Event: 61.558 Loading class java/util/stream/FindOps$FindSink$OfLong
Event: 61.559 Loading class java/util/stream/Sink$OfLong
Event: 61.560 Loading class java/util/stream/Sink$OfLong done
Event: 61.561 Loading class java/util/stream/FindOps$FindSink$OfLong done
Event: 61.561 Loading class java/util/OptionalLong
Event: 61.562 Loading class java/util/OptionalLong done
Event: 61.628 Loading class java/util/stream/ReferencePipeline$5$1
Event: 61.629 Loading class java/util/stream/ReferencePipeline$5$1 done
Event: 61.638 Loading class java/lang/invoke/VarHandleBytes$FieldInstanceReadWrite
Event: 61.639 Loading class java/lang/invoke/VarHandleBytes$FieldInstanceReadOnly
Event: 61.640 Loading class java/lang/invoke/VarHandleBytes$FieldInstanceReadOnly done
Event: 61.640 Loading class java/lang/invoke/VarHandleBytes$FieldInstanceReadWrite done
Event: 61.760 Loading class java/util/concurrent/CompletableFuture$MinimalStage
Event: 61.761 Loading class java/util/concurrent/CompletableFuture$MinimalStage done
Event: 61.801 Loading class java/util/LinkedList$Node
Event: 61.801 Loading class java/util/LinkedList$Node done
Event: 62.188 Loading class java/util/DualPivotQuicksort
Event: 62.190 Loading class java/util/DualPivotQuicksort done

Classes unloaded (0 events):
No events

Classes redefined (0 events):
No events

Internal exceptions (20 events):
Event: 17.492 Thread 0x000002109c7c7490 Exception <a 'java/net/ConnectException'{0x00000000cc32e088}: Connection refused: getsockopt> (0x00000000cc32e088) 
thrown [s\open\src\hotspot\share\prims\jni.cpp, line 534]
Event: 17.513 Thread 0x000002109c7c7490 Exception <a 'java/net/ConnectException'{0x00000000cc32f0c0}: Connection refused: getsockopt> (0x00000000cc32f0c0) 
thrown [s\open\src\hotspot\share\prims\jni.cpp, line 534]
Event: 17.537 Thread 0x000002109c7c7490 Exception <a 'java/net/ConnectException'{0x00000000cc32ffe0}: Connection refused: getsockopt> (0x00000000cc32ffe0) 
thrown [s\open\src\hotspot\share\prims\jni.cpp, line 534]
Event: 17.592 Thread 0x000002109c7c7490 Exception <a 'java/net/ConnectException'{0x00000000cc330f00}: Connection refused: getsockopt> (0x00000000cc330f00) 
thrown [s\open\src\hotspot\share\prims\jni.cpp, line 534]
Event: 17.691 Thread 0x000002109c7c7490 Exception <a 'java/net/ConnectException'{0x00000000cc331e20}: Connection refused: getsockopt> (0x00000000cc331e20) 
thrown [s\open\src\hotspot\share\prims\jni.cpp, line 534]
Event: 17.868 Thread 0x000002109c7c7490 Exception <a 'java/net/ConnectException'{0x00000000cc332d40}: Connection refused: getsockopt> (0x00000000cc332d40) 
thrown [s\open\src\hotspot\share\prims\jni.cpp, line 534]
Event: 18.207 Thread 0x000002109c7c7490 Exception <a 'java/net/ConnectException'{0x00000000cc333c60}: Connection refused: getsockopt> (0x00000000cc333c60) 
thrown [s\open\src\hotspot\share\prims\jni.cpp, line 534]
Event: 19.913 Thread 0x00000210f8390540 Exception <a 'java/lang/NoSuchMethodError'{0x00000000cc2f08c0}: 'java.lang.Object java.lang.invoke.DirectMethodHandle$Holder.newInvokeSpecial(java.lang.Object, java.lang.Object, int, int)'> (0x00000000cc2f08c0) 
thrown [s\open\src\hotspot\share\interpreter\linkResolver.cpp, line 804]
Event: 19.919 Thread 0x00000210f8390540 Exception <a 'java/lang/NoSuchMethodError'{0x00000000cc1019e0}: 'void java.lang.invoke.DirectMethodHandle$Holder.invokeStatic(java.lang.Object, java.lang.Object, int)'> (0x00000000cc1019e0) 
thrown [s\open\src\hotspot\share\interpreter\linkResolver.cpp, line 804]
Event: 20.118 Thread 0x00000210f8390540 Exception <a 'java/lang/NoSuchMethodError'{0x00000000cc1f3ed8}: 'void java.lang.invoke.DirectMethodHandle$Holder.invokeStatic(java.lang.Object, java.lang.Object, java.lang.Object, java.lang.Object)'> (0x00000000cc1f3ed8) 
thrown [s\open\src\hotspot\share\interpreter\linkResolver.cpp, line 804]
Event: 20.213 Thread 0x000002109c941080 Exception <a 'java/lang/NoSuchMethodError'{0x00000000cd3c9380}: 'java.lang.Object java.lang.invoke.DirectMethodHandle$Holder.newInvokeSpecial(java.lang.Object, java.lang.Object, java.lang.Object, java.lang.Object, java.lang.Object)'> (0x00000000cd3c9380) 
thrown [s\open\src\hotspot\share\interpreter\linkResolver.cpp, line 804]
Event: 20.399 Thread 0x000002109c941080 Exception <a 'java/lang/NoSuchMethodError'{0x00000000cd266168}: 'java.lang.Object java.lang.invoke.DirectMethodHandle$Holder.invokeSpecial(java.lang.Object, java.lang.Object, java.lang.Object, java.lang.Object, java.lang.Object, int)'> (0x00000000cd266168) 
thrown [s\open\src\hotspot\share\interpreter\linkResolver.cpp, line 804]
Event: 20.404 Thread 0x000002109c941080 Exception <a 'java/lang/NoSuchMethodError'{0x00000000cd276868}: 'java.lang.Object java.lang.invoke.Invokers$Holder.linkToTargetMethod(java.lang.Object, java.lang.Object, int, java.lang.Object)'> (0x00000000cd276868) 
thrown [s\open\src\hotspot\share\interpreter\linkResolver.cpp, line 804]
Event: 20.693 Thread 0x000002109c941080 Exception <a 'java/lang/NoSuchMethodError'{0x00000000cd11a7e0}: 'void java.lang.invoke.DirectMethodHandle$Holder.invokeSpecial(java.lang.Object, java.lang.Object, java.lang.Object, java.lang.Object, java.lang.Object)'> (0x00000000cd11a7e0) 
thrown [s\open\src\hotspot\share\interpreter\linkResolver.cpp, line 804]
Event: 20.768 Thread 0x000002109c941080 Exception <a 'java/lang/NoSuchMethodError'{0x00000000cd166098}: 'long java.lang.invoke.DirectMethodHandle$Holder.invokeStatic(java.lang.Object, long, long)'> (0x00000000cd166098) 
thrown [s\open\src\hotspot\share\interpreter\linkResolver.cpp, line 804]
Event: 20.808 Thread 0x000002109c23e120 Exception <a 'java/lang/NoSuchMethodError'{0x00000000cd3951b0}: 'int java.lang.invoke.DirectMethodHandle$Holder.invokeStatic(java.lang.Object, int, java.lang.Object)'> (0x00000000cd3951b0) 
thrown [s\open\src\hotspot\share\interpreter\linkResolver.cpp, line 804]
Event: 20.815 Thread 0x000002109c23e120 Exception <a 'java/lang/NoSuchMethodError'{0x00000000cd1b8668}: 'java.lang.Object java.lang.invoke.DirectMethodHandle$Holder.newInvokeSpecial(java.lang.Object, java.lang.Object, int)'> (0x00000000cd1b8668) 
thrown [s\open\src\hotspot\share\interpreter\linkResolver.cpp, line 804]
Event: 61.548 Thread 0x0000021097824f50 Exception <a 'java/lang/NoSuchMethodError'{0x00000000ccf00960}: 'long java.lang.invoke.DirectMethodHandle$Holder.invokeStatic(java.lang.Object, java.lang.Object)'> (0x00000000ccf00960) 
thrown [s\open\src\hotspot\share\interpreter\linkResolver.cpp, line 804]
Event: 61.663 Thread 0x0000021097824f50 Exception <a 'java/lang/NoSuchMethodError'{0x00000000ccf630d0}: 'void java.lang.invoke.DirectMethodHandle$Holder.invokeSpecial(java.lang.Object, java.lang.Object, java.lang.Object, java.lang.Object, java.lang.Object, java.lang.Object, java.lang.Object)'> (0x00000000ccf630d0) 
thrown [s\open\src\hotspot\share\interpreter\linkResolver.cpp, line 804]
Event: 63.066 Thread 0x00000210f8390540 Exception <a 'java/lang/NoSuchMethodError'{0x00000000cd364ed0}: 'java.lang.Object java.lang.invoke.DirectMethodHandle$Holder.invokeSpecialIFC(java.lang.Object, java.lang.Object, java.lang.Object)'> (0x00000000cd364ed0) 
thrown [s\open\src\hotspot\share\interpreter\linkResolver.cpp, line 804]

VM Operations (20 events):
Event: 8.660 Executing non-safepoint VM operation: HandshakeAllThreads (Deoptimize)
Event: 8.660 Executing non-safepoint VM operation: HandshakeAllThreads (Deoptimize) done
Event: 9.130 Executing non-safepoint VM operation: HandshakeAllThreads (Deoptimize)
Event: 9.133 Executing non-safepoint VM operation: HandshakeAllThreads (Deoptimize) done
Event: 9.285 Executing non-safepoint VM operation: HandshakeAllThreads (Deoptimize)
Event: 9.285 Executing non-safepoint VM operation: HandshakeAllThreads (Deoptimize) done
Event: 9.960 Executing non-safepoint VM operation: HandshakeAllThreads (Deoptimize)
Event: 9.960 Executing non-safepoint VM operation: HandshakeAllThreads (Deoptimize) done
Event: 19.032 Executing non-safepoint VM operation: HandshakeAllThreads (Deoptimize)
Event: 19.170 Executing non-safepoint VM operation: HandshakeAllThreads (Deoptimize) done
Event: 20.119 Executing safepoint VM operation: G1CollectForAllocation (G1 Evacuation Pause)
Event: 20.142 Executing safepoint VM operation: G1CollectForAllocation (G1 Evacuation Pause) done
Event: 60.095 Executing non-safepoint VM operation: HandshakeAllThreads (HandshakeForDeflation)
Event: 60.096 Executing non-safepoint VM operation: HandshakeAllThreads (HandshakeForDeflation) done
Event: 60.096 Executing non-safepoint VM operation: RendezvousGCThreads
Event: 60.096 Executing non-safepoint VM operation: RendezvousGCThreads done
Event: 61.429 Executing non-safepoint VM operation: HandshakeAllThreads (Deoptimize)
Event: 61.430 Executing non-safepoint VM operation: HandshakeAllThreads (Deoptimize) done
Event: 61.472 Executing non-safepoint VM operation: HandshakeAllThreads (Deoptimize)
Event: 61.472 Executing non-safepoint VM operation: HandshakeAllThreads (Deoptimize) done

Memory protections (0 events):
No events

Nmethod flushes (0 events):
No events

Events (20 events):
Event: 0.728 Thread 0x00000210f8390540 Thread added: 0x00000210fb6b3f70
Event: 0.735 Thread 0x00000210f8390540 Thread added: 0x00000210fb6b9ad0
Event: 0.742 Thread 0x00000210f8390540 Thread added: 0x00000210fb6bd630
Event: 1.651 Thread 0x00000210f8390540 Thread added: 0x00000210978d03d0
Event: 3.426 Thread 0x00000210f8390540 Thread added: 0x000002109c1c7090
Event: 3.427 Thread 0x00000210f8390540 Thread added: 0x000002109c1aa810
Event: 5.770 Thread 0x00000210f8390540 Thread added: 0x000002109c80c0b0
Event: 7.843 Thread 0x000002109c80c0b0 Thread exited: 0x000002109c80c0b0
Event: 8.588 Thread 0x00000210f8390540 Thread added: 0x000002109c7c83d0
Event: 11.102 Thread 0x00000210f8390540 Thread added: 0x000002109c23e120
Event: 17.101 Thread 0x00000210f8390540 Thread added: 0x000002109c258400
Event: 17.105 Thread 0x00000210f8390540 Thread added: 0x000002109c258bc0
Event: 17.155 Thread 0x00000210f8390540 Thread added: 0x000002109c25ff30
Event: 17.322 Thread 0x000002109c258bc0 Thread added: 0x000002109c7c7490
Event: 19.027 Thread 0x000002109c7c7490 Thread added: 0x000002109c942fc0
Event: 20.118 Thread 0x00000210f8390540 Thread added: 0x000002109c941080
Event: 20.341 Thread 0x00000210f8390540 Thread added: 0x0000021097823fb0
Event: 20.868 Thread 0x000002109c23e120 Thread added: 0x0000021097828dd0
Event: 21.041 Thread 0x000002109c23e120 Thread added: 0x0000021097824f50
Event: 34.178 Thread 0x000002109c942fc0 Thread exited: 0x000002109c942fc0


Dynamic libraries:
0x00007ff6547d0000 - 0x00007ff6547e0000 	C:\Program Files\Java\jdk-25.0.2\bin\java.exe
0x00007ffe31eb0000 - 0x00007ffe320a8000 	C:\Windows\SYSTEM32\ntdll.dll
0x00007ffe2ffc0000 - 0x00007ffe30082000 	C:\Windows\System32\KERNEL32.DLL
0x00007ffe2fbd0000 - 0x00007ffe2fec6000 	C:\Windows\System32\KERNELBASE.dll
0x00007ffe2faa0000 - 0x00007ffe2fba0000 	C:\Windows\System32\ucrtbase.dll
0x00007ffe2c970000 - 0x00007ffe2c987000 	C:\Program Files\Java\jdk-25.0.2\bin\jli.dll
0x00007ffe31b90000 - 0x00007ffe31d31000 	C:\Windows\System32\USER32.dll
0x00007ffe2f910000 - 0x00007ffe2f932000 	C:\Windows\System32\win32u.dll
0x00007ffe305b0000 - 0x00007ffe305db000 	C:\Windows\System32\GDI32.dll
0x00007ffe2f760000 - 0x00007ffe2f879000 	C:\Windows\System32\gdi32full.dll
0x00007ffe2f670000 - 0x00007ffe2f70d000 	C:\Windows\System32\msvcp_win.dll
0x00007ffe2c910000 - 0x00007ffe2c92e000 	C:\Program Files\Java\jdk-25.0.2\bin\VCRUNTIME140.dll
0x00007ffe17570000 - 0x00007ffe1780b000 	C:\Windows\WinSxS\amd64_microsoft.windows.common-controls_6595b64144ccf1df_6.0.19041.6456_none_60b8a6cb71f64256\COMCTL32.dll
0x00007ffe31310000 - 0x00007ffe313ae000 	C:\Windows\System32\msvcrt.dll
0x00007ffe313b0000 - 0x00007ffe313df000 	C:\Windows\System32\IMM32.DLL
0x00007ffe2c9c0000 - 0x00007ffe2c9cc000 	C:\Program Files\Java\jdk-25.0.2\bin\vcruntime140_1.dll
0x00007ffe101b0000 - 0x00007ffe1023d000 	C:\Program Files\Java\jdk-25.0.2\bin\msvcp140.dll
0x00007ffdfede0000 - 0x00007ffdffc3f000 	C:\Program Files\Java\jdk-25.0.2\bin\server\jvm.dll
0x00007ffe305e0000 - 0x00007ffe30691000 	C:\Windows\System32\ADVAPI32.dll
0x00007ffe306a0000 - 0x00007ffe3073f000 	C:\Windows\System32\sechost.dll
0x00007ffe31a70000 - 0x00007ffe31b90000 	C:\Windows\System32\RPCRT4.dll
0x00007ffe2fba0000 - 0x00007ffe2fbc7000 	C:\Windows\System32\bcrypt.dll
0x00007ffe312a0000 - 0x00007ffe3130b000 	C:\Windows\System32\WS2_32.dll
0x00007ffe2f0b0000 - 0x00007ffe2f0fb000 	C:\Windows\SYSTEM32\POWRPROF.dll
0x00007ffe26c40000 - 0x00007ffe26c67000 	C:\Windows\SYSTEM32\WINMM.dll
0x00007ffe26cc0000 - 0x00007ffe26cca000 	C:\Windows\SYSTEM32\VERSION.dll
0x00007ffe2efa0000 - 0x00007ffe2efb2000 	C:\Windows\SYSTEM32\UMPDC.dll
0x00007ffe2d370000 - 0x00007ffe2d382000 	C:\Windows\SYSTEM32\kernel.appcore.dll
0x00007ffe2c4a0000 - 0x00007ffe2c4aa000 	C:\Program Files\Java\jdk-25.0.2\bin\jimage.dll
0x00007ffe1e6d0000 - 0x00007ffe1e8d1000 	C:\Windows\SYSTEM32\DBGHELP.DLL
0x00007ffe1e690000 - 0x00007ffe1e6c4000 	C:\Windows\SYSTEM32\dbgcore.DLL
0x00007ffe2f880000 - 0x00007ffe2f902000 	C:\Windows\System32\bcryptPrimitives.dll
0x00007ffe29d70000 - 0x00007ffe29d80000 	C:\Program Files\Java\jdk-25.0.2\bin\instrument.dll
0x00007ffe2c470000 - 0x00007ffe2c48f000 	C:\Program Files\Java\jdk-25.0.2\bin\java.dll
0x00007ffe31d40000 - 0x00007ffe31e6b000 	C:\Windows\System32\ole32.dll
0x00007ffe30250000 - 0x00007ffe305a4000 	C:\Windows\System32\combase.dll
0x00007ffe30750000 - 0x00007ffe30ec0000 	C:\Windows\System32\SHELL32.dll
0x00007ffe2d570000 - 0x00007ffe2dd15000 	C:\Windows\SYSTEM32\windows.storage.dll
0x00007ffe2ef00000 - 0x00007ffe2ef2b000 	C:\Windows\SYSTEM32\Wldp.dll
0x00007ffe314d0000 - 0x00007ffe3159d000 	C:\Windows\System32\OLEAUT32.dll
0x00007ffe30090000 - 0x00007ffe3013d000 	C:\Windows\System32\SHCORE.dll
0x00007ffe31470000 - 0x00007ffe314cb000 	C:\Windows\System32\shlwapi.dll
0x00007ffe2f470000 - 0x00007ffe2f494000 	C:\Windows\SYSTEM32\profapi.dll
0x00007ffe2a640000 - 0x00007ffe2a657000 	C:\Program Files\Java\jdk-25.0.2\bin\zip.dll
0x00007ffe2aa50000 - 0x00007ffe2aa62000 	C:\Program Files\Java\jdk-25.0.2\bin\net.dll
0x00007ffe2ebf0000 - 0x00007ffe2ec5a000 	C:\Windows\system32\mswsock.dll
0x00007ffe2a860000 - 0x00007ffe2a876000 	C:\Program Files\Java\jdk-25.0.2\bin\nio.dll
0x00007ffe2b140000 - 0x00007ffe2b149000 	C:\Program Files\Java\jdk-25.0.2\bin\extnet.dll
0x00007ffe2e910000 - 0x00007ffe2e9da000 	C:\Windows\SYSTEM32\DNSAPI.dll
0x00007ffe2e8d0000 - 0x00007ffe2e90b000 	C:\Windows\SYSTEM32\IPHLPAPI.DLL
0x00007ffe30ec0000 - 0x00007ffe30ec8000 	C:\Windows\System32\NSI.dll
0x00007ffe1d570000 - 0x00007ffe1d57a000 	C:\Windows\System32\rasadhlp.dll
0x00007ffe1d580000 - 0x00007ffe1d600000 	C:\Windows\System32\fwpuclnt.dll
0x00007ffe2ede0000 - 0x00007ffe2edf8000 	C:\Windows\SYSTEM32\CRYPTSP.dll
0x00007ffe2e510000 - 0x00007ffe2e548000 	C:\Windows\system32\rsaenh.dll
0x00007ffe2f3f0000 - 0x00007ffe2f41e000 	C:\Windows\SYSTEM32\USERENV.dll
0x00007ffe2ee00000 - 0x00007ffe2ee0c000 	C:\Windows\SYSTEM32\CRYPTBASE.dll
0x00007ffe2c460000 - 0x00007ffe2c46e000 	C:\Program Files\Java\jdk-25.0.2\bin\sunmscapi.dll
0x00007ffe2f940000 - 0x00007ffe2fa9d000 	C:\Windows\System32\CRYPT32.dll
0x00007ffe2ef70000 - 0x00007ffe2ef97000 	C:\Windows\SYSTEM32\ncrypt.dll
0x00007ffe2ef30000 - 0x00007ffe2ef6b000 	C:\Windows\SYSTEM32\NTASN1.dll
0x00007ffe231c0000 - 0x00007ffe231c7000 	C:\Windows\system32\wshunix.dll

JVMTI agents:
C:\Program Files\JetBrains\IntelliJ IDEA 2025.3.2\New\bin\IntelliJ IDEA 2025.3.2\lib\idea_rt.jar path:C:\Program Files\Java\jdk-25.0.2\bin\instrument.dll, loaded, initialized, instrumentlib options:65060

dbghelp: loaded successfully - version: 4.0.5 - missing functions: none
symbol engine: initialized successfully - sym options: 0x614 - pdb path: .;C:\Program Files\Java\jdk-25.0.2\bin;C:\Windows\SYSTEM32;C:\Windows\WinSxS\amd64_microsoft.windows.common-controls_6595b64144ccf1df_6.0.19041.6456_none_60b8a6cb71f64256;C:\Program Files\Java\jdk-25.0.2\bin\server

VM Arguments:
jvm_args: -javaagent:C:\Program Files\JetBrains\IntelliJ IDEA 2025.3.2\New\bin\IntelliJ IDEA 2025.3.2\lib\idea_rt.jar=65060 -Dfile.encoding=UTF-8 -Dsun.stdout.encoding=UTF-8 -Dsun.stderr.encoding=UTF-8 
java_command: ProjectEccommerce.WebTable_ProductPage
java_class_path (initial): C:\Users\Win-10\IdeaProjects\SeleniumProject\out\production\SeleniumProject;C:\Users\Win-10\Downloads\selenium-java-4.43.0\jspecify-1.0.0.jar;C:\Users\Win-10\Downloads\selenium-java-4.43.0\guava-33.5.0-jre.jar;C:\Users\Win-10\Downloads\selenium-java-4.43.0\selenium-os-4.43.0.jar;C:\Users\Win-10\Downloads\selenium-java-4.43.0\failureaccess-1.0.3.jar;C:\Users\Win-10\Downloads\selenium-java-4.43.0\selenium-api-4.43.0.jar;C:\Users\Win-10\Downloads\selenium-java-4.43.0\selenium-http-4.43.0.jar;C:\Users\Win-10\Downloads\selenium-java-4.43.0\selenium-java-4.43.0.jar;C:\Users\Win-10\Downloads\selenium-java-4.43.0\selenium-json-4.43.0.jar;C:\Users\Win-10\Downloads\selenium-java-4.43.0\byte-buddy-1.18.8-jdk5.jar;C:\Users\Win-10\Downloads\selenium-java-4.43.0\j2objc-annotations-2.8.jar;C:\Users\Win-10\Downloads\selenium-java-4.43.0\jspecify-1.0.0-sources.jar;C:\Users\Win-10\Downloads\selenium-java-4.43.0\selenium-manager-4.43.0.jar;C:\Users\Win-10\Downloads\selenium-java-4.43.0\selenium-support-4.43.0.jar;C:\Users\Win-10\Downloads\selenium-java-4.43.0\guava-33.5.0-jre-sources.jar;C:\Users\Win-10\Downloads\selenium-java-4.43.0\opentelemetry-api-1.60.1.jar;C:\Users\Win-10\Downloads\selenium-java-4.43.0\opentelemetry-sdk-1.60.1.jar;C:\Users\Win-10\Downloads\selenium-java-4.43.0\selenium-ie-driver-4.43.0.jar;C:\Users\Win-10\Downloads\selenium-java-4.43.0\selenium-os-4.43.0-sources.jar;C:\Users\Win-10\Downloads\selenium-java-4.43.0\failureaccess-1.0.3-sources.jar;C:\Users\Win-10\Downloads\selenium-java-4.43.0\opentelemetry-common-1.60.1.jar;C:\Users\Win-10\Downloads\selenium-java-4.43.0\selenium-api-4.43.0-sources.jar;C:\Users\Win-10\Downloads\selenium-java-4.43.0\selenium-edge-driver-4.43.0.jar;C:\Users\Win-10\Downloads\selenium-java-4.43.0\opentelemetry-context-1.60.1.jar;C:\Users\Win-10\Downloads\selenium-java-4.43.0\selenium-http-4.43.0-sources.jar;C:\Users\Win-10\Downloads\selenium-java-4.43.0\selenium-java-4.43.0-sources.jar;C:\Users\Win-10\Downloads\selenium-java-4.43.0\selenium-json-4.43.0-sources.jar;C:\Users\Win-10\Downloads\selenium-java-4.43.0\error_prone_annotations-2.5.1.jar;C:\Users\Win-10\Downloads\selenium-java-4.43.0\opentelemetry-sdk-logs-1.60.1.jar;C:\Users\Win-10\Downloads\selenium-java-4.43.0\selenium-chrome-driver-4.43.0.jar;C:\Users\Win-10\Downloads\selenium-java-4.43.0\selenium-devtools-v145-4.43.0.jar;C:\Users\Win-10\Downloads\selenium-java-4.43.0\selenium-devtools-v146-4.43.0.jar;C:\Users\Win-10\Downloads\selenium-java-4.43.0\selenium-devtools-v147-4.43.0.jar;C:\Users\Win-10\Downloads\selenium-java-4.43.0\selenium-remote-driver-4.43.0.jar;C:\Users\Win-10\Downloads\selenium-java-4.43.0\selenium-safari-driver-4.43.0.jar;C:\Users\Win-10\Downloads\selenium-java-4.43.0\auto-service-annotations-1.1.1.jar;C:\Users\Win-10\Downloads\selenium-java-4.43.0\byte-buddy-1.18.8-jdk5-sources.jar;C:\Users\Win-10\Downloads\selenium-java-4.43.0\j2objc-annotations-2.8-sources.jar;C:\Users\Win-10\Downloads\selenium-java-4.43.0\opentelemetry-sdk-trace-1.60.1.jar;C:\Users\Win-10\Downloads\selenium-java-4.43.0\selenium-firefox-driver-4.43.0.jar;C:\Users\Win-10\Downloads\selenium-java-4.43.0\opentelemetry-sdk-common-1.60.1.jar;C:\Users\Win-10\Downloads\selenium-java-4.43.0\selenium-chromium-driver-4.43.0.jar;C:\Users\Win-10\Downloads\selenium-java-4.43.0\selenium-manager-4.43.0-sources.jar;C:\Users\Win-10\Downloads\selenium-java-4.43.0\selenium-support-4.43.0-sources.jar;C:\Users\Win-10\Downloads\selenium-java-4.43.0\opentelemetry-api-1.60.1-sources.jar;C:\Users\Win-10\Downloads\selenium-java-4.43.0\opentelemetry-sdk-1.60.1-sources.jar;C:\Users\Win-10\Downloads\selenium-java-4.43.0\opentelemetry-sdk-metrics-1.60.1.jar;C:\Users\Win-10\Downloads\selenium-java-4.43.0\selenium-ie-driver-4.43.0-sources.jar;C:\Users\Win-10\Downloads\selenium-java-4.43.0\opentelemetry-common-1.60.1-sources.jar;C:\Users\Win-10\Downloads\selenium-java-4.43.0\selenium-edge-driver-4.43.0-sources.jar;C:\Users\Win-10\Downloads\selenium-java-4.43.0\opentelemetry-context-1.60.1-sources.jar;C:\Users\Win-10\Downloads\selenium-java-4.43.0\error_prone_annotations-2.5.1-sources.jar;C:\Users\Win-10\Downloads\selenium-java-4.43.0\opentelemetry-exporter-logging-1.60.1.jar;C:\Users\Win-10\Downloads\selenium-java-4.43.0\opentelemetry-sdk-logs-1.60.1-sources.jar;C:\Users\Win-10\Downloads\selenium-java-4.43.0\selenium-chrome-driver-4.43.0-sources.jar;C:\Users\Win-10\Downloads\selenium-java-4.43.0\selenium-devtools-v145-4.43.0-sources.jar;C:\Users\Win-10\Downloads\selenium-java-4.43.0\selenium-devtools-v146-4.43.0-sources.jar;C:\Users\Win-10\Downloads\selenium-java-4.43.0\selenium-devtools-v147-4.43.0-sources.jar;C:\Users\Win-10\Downloads\selenium-java-4.43.0\selenium-remote-driver-4.43.0-sources.jar;C:\Users\Win-10\Downloads\selenium-java-4.43.0\selenium-safari-driver-4.43.0-sources.jar;C:\Users\Win-10\Downloads\selenium-java-4.43.0\auto-service-annotations-1.1.1-sources.jar;C:\Users\Win-10\Downloads\selenium-java-4.43.0\opentelemetry-sdk-trace-1.60.1-sources.jar;C:\Users\Win-10\Downloads\selenium-java-4.43.0\selenium-firefox-driver-4.43.0-sources.jar;C:\Users\Win-10\Downloads\selenium-java-4.43.0\opentelemetry-sdk-common-1.60.1-sources.jar;C:\Users\Win-10\Downloads\selenium-java-4.43.0\selenium-chromium-driver-4.43.0-sources.jar;C:\Users\Win-10\Downloads\selenium-java-4.43.0\opentelemetry-sdk-metrics-1.60.1-sources.jar;C:\Users\Win-10\Downloads\selenium-java-4.43.0\opentelemetry-exporter-logging-1.60.1-sources.jar;C:\Users\Win-10\Downloads\selenium-java-4.43.0\opentelemetry-sdk-extension-autoconfigure-1.60.1.jar;C:\Users\Win-10\Downloads\selenium-java-4.43.0\opentelemetry-sdk-extension-autoconfigure-spi-1.60.1.jar;C:\Users\Win-10\Downloads\selenium-java-4.43.0\opentelemetry-sdk-extension-autoconfigure-1.60.1-sources.jar;C:\Users\Win-10\Downloads\selenium-java-4.43.0\listenablefuture-9999.0-empty-to-avoid-conflict-with-guava.jar;C:\Users\Win-10\Downloads\selenium-java-4.43.0\opentelemetry-sdk-extension-autoconfigure-spi-1.60.1-sources.jar;C:\Users\Win-10\Downloads\poi-bin-5.2.3-20220909 (1)\poi-bin-5.2.3\poi-5.2.3.jar;C:\Users\Win-10\Downloads\poi-bin-5.2.3-20220909 (1)\poi-bin-5.2.3\xmlsec-3.0.0.jar;C:\Users\Win-10\Downloads\poi-bin-5.2.3-20220909 (1)\poi-bin-5.2.3\pdfbox-2.0.26.jar;C:\Users\Win-10\Downloads\poi-bin-5.2.3-20220909 (1)\poi-bin-5.2.3\batik-css-1.14.jar;C:\Users\Win-10\Downloads\poi-bin-5.2.3-20220909 (1)\poi-bin-5.2.3\batik-dom-1.14.jar;C:\Users\Win-10\Downloads\poi-bin-5.2.3-20220909 (1)\poi-bin-5.2.3\batik-ext-1.14.jar;C:\Users\Win-10\Downloads\poi-bin-5.2.3-20220909 (1)\poi-bin-5.2.3\batik-gvt-1.14.jar;C:\Users\Win-10\Downloads\poi-bin-5.2.3-20220909 (1)\poi-bin-5.2.3\batik-xml-1.14.jar;C:\Users\Win-10\Downloads\poi-bin-5.2.3-20220909 (1)\poi-bin-5.2.3\curvesapi-1.07.jar;C:\Users\Win-10\Downloads\poi-bin-5.2.3-20220909 (1)\poi-bin-5.2.3\fontbox-2.0.26.jar;C:\Users\Win-10\Downloads\poi-bin-5.2.3-20220909 (1)\poi-bin-5.2.3\xmlbeans-5.1.1.jar;C:\Users\Win-10\Downloads\poi-bin-5.2.3-20220909 (1)\poi-bin-5.2.3\batik-anim-1.14.jar;C:\Users\Win-10\Downloads\poi-bin-5.2.3-20220909 (1)\poi-bin-5.2.3\batik-i18n-1.14.jar;C:\Users\Win-10\Downloads\poi-bin-5.2.3-20220909 (1)\poi-bin-5.2.3\batik-util-1.14.jar;C:\Users\Win-10\Downloads\poi-bin-5.2.3-20220909 (1)\poi-bin-5.2.3\graphics2d-0.40.jar;C:\Users\Win-10\Downloads\poi-bin-5.2.3-20220909 (1)\poi-bin-5.2.3\poi-ooxml-5.2.3.jar;C:\Users\Win-10\Downloads\poi-bin-5.2.3-20220909 (1)\poi-bin-5.2.3\xml-apis-1.4.01.jar;C:\Users\Win-10\Downloads\poi-bin-5.2.3-20220909 (1)\poi-bin-5.2.3\batik-codec-1.14.jar;C:\Users\Win-10\Downloads\poi-bin-5.2.3-20220909 (1)\poi-bin-5.2.3\log4j-api-2.18.0.jar;C:\Users\Win-10\Downloads\poi-bin-5.2.3-20220909 (1)\poi-bin-5.2.3\slf4j-api-1.7.36.jar;C:\Users\Win-10\Downloads\poi-bin-5.2.3-20220909 (1)\poi-bin-5.2.3\SparseBitSet-1.2.jar;C:\Users\Win-10\Downloads\poi-bin-5.2.3-20220909 (1)\poi-bin-5.2.3\batik-bridge-1.14.jar;C:\Users\Win-10\Downloads\poi-bin-5.2.3-20220909 (1)\poi-bin-5.2.3\batik-parser-1.14.jar;C:\Users\Win-10\Downloads\poi-bin-5.2.3-20220909 (1)\poi-bin-5.2.3\batik-script-1.14.jar;C:\Users\Win-10\Downloads\poi-bin-5.2.3-20220909 (1)\poi-bin-5.2.3\batik-svggen-1.14.jar;C:\Users\Win-10\Downloads\poi-bin-5.2.3-20220909 (1)\poi-bin-5.2.3\commons-io-2.11.0.jar;C:\Users\Win-10\Downloads\poi-bin-5.2.3-20220909 (1)\poi-bin-5.2.3\poi-javadoc-5.2.3.jar;C:\Users\Win-10\Downloads\poi-bin-5.2.3-20220909 (1)\poi-bin-5.2.3\batik-svg-dom-1.14.jar;C:\Users\Win-10\Downloads\poi-bin-5.2.3-20220909 (1)\poi-bin-5.2.3\commons-codec-1.15.jar;C:\Users\Win-10\Downloads\poi-bin-5.2.3-20220909 (1)\poi-bin-5.2.3\poi-examples-5.2.3.jar;C:\Users\Win-10\Downloads\poi-bin-5.2.3-20220909 (1)\poi-bin-5.2.3\poi-excelant-5.2.3.jar;C:\Users\Win-10\Downloads\poi-bin-5.2.3-20220909 (1)\poi-bin-5.2.3\batik-awt-util-1.14.jar;C:\Users\Win-10\Downloads\poi-bin-5.2.3-20220909 (1)\poi-bin-5.2.3\bcpkix-jdk15on-1.70.jar;C:\Users\Win-10\Downloads\poi-bin-5.2.3-20220909 (1)\poi-bin-5.2.3\bcprov-jdk15on-1.70.jar;C:\Users\Win-10\Downloads\poi-bin-5.2.3-20220909 (1)\poi-bin-5.2.3\bcutil-jdk15on-1.70.jar;C:\Users\Win-10\Downloads\poi-bin-5.2.3-20220909 (1)\poi-bin-5.2.3\commons-logging-1.2.jar;C:\Users\Win-10\Downloads\poi-bin-5.2.3-20220909 (1)\poi-bin-5.2.3\commons-math3-3.6.1.jar;C:\Users\Win-10\Downloads\poi-bin-5.2.3-20220909 (1)\poi-bin-5.2.3\xml-apis-ext-1.3.04.jar;C:\Users\Win-10\Downloads\poi-bin-5.2.3-20220909 (1)\poi-bin-5.2.3\batik-constants-1.14.jar;C:\Users\Win-10\Downloads\poi-bin-5.2.3-20220909 (1)\poi-bin-5.2.3\poi-ooxml-full-5.2.3.jar;C:\Users\Win-10\Downloads\poi-bin-5.2.3-20220909 (1)\poi-bin-5.2.3\poi-ooxml-lite-5.2.3.jar;C:\Users\Win-10\Downloads\poi-bin-5.2.3-20220909 (1)\poi-bin-5.2.3\poi-scratchpad-5.2.3.jar;C:\Users\Win-10\Downloads\poi-bin-5.2.3-20220909 (1)\poi-bin-5.2.3\batik-transcoder-1.14.jar;C:\Users\Win-10\Downloads\poi-bin-5.2.3-20220909 (1)\poi-bin-5.2.3\commons-compress-1.21.jar;C:\Users\Win-10\Downloads\poi-bin-5.2.3-20220909 (1)\poi-bin-5.2.3\xmlgraphics-commons-2.6.jar;C:\Users\Win-10\Downloads\poi-bin-5.2.3-20220909 (1)\poi-bin-5.2.3\batik-svgrasterizer-1.14.jar;C:\Users\Win-10\Downloads\poi-bin-5.2.3-20220909 (1)\poi-bin-5.2.3\commons-collections4-4.4.jar;C:\Users\Win-10\Downloads\poi-bin-5.2.3-20220909 (1)\poi-bin-5.2.3\jakarta.activation-2.0.1.jar;C:\Users\Win-10\Downloads\poi-bin-5.2.3-20220909 (1)\poi-bin-5.2.3\jakarta.xml.bind-api-3.0.1.jar;C:\Users\Win-10\Downloads\poi-bin-5.2.3-20220909 (1)\poi-bin-5.2.3\batik-shared-resources-1.14.jar
Launcher Type: SUN_STANDARD

[Global flags]
     intx CICompilerCount                          = 2                                         {product} {ergonomic}
     uint ConcGCThreads                            = 1                                         {product} {ergonomic}
     uint G1ConcRefinementThreads                  = 2                                         {product} {ergonomic}
   size_t G1HeapRegionSize                         = 1048576                                   {product} {ergonomic}
   size_t InitialHeapSize                          = 58720256                                  {product} {ergonomic}
   size_t MarkStackSize                            = 4194304                                   {product} {ergonomic}
   size_t MarkStackSizeMax                         = 536870912                                 {product} {ergonomic}
   size_t MaxHeapSize                              = 910163968                                 {product} {ergonomic}
   size_t MaxNewSize                               = 545259520                                 {product} {ergonomic}
   size_t MinHeapDeltaBytes                        = 1048576                                   {product} {ergonomic}
   size_t MinHeapSize                              = 8388608                                   {product} {ergonomic}
    uintx NonNMethodCodeHeapSize                   = 5767168                                {pd product} {ergonomic}
    uintx NonProfiledCodeHeapSize                  = 123011072                              {pd product} {ergonomic}
    uintx ProfiledCodeHeapSize                     = 122880000                              {pd product} {ergonomic}
    uintx ReservedCodeCacheSize                    = 251658240                              {pd product} {ergonomic}
     bool SegmentedCodeCache                       = true                                      {product} {ergonomic}
   size_t SoftMaxHeapSize                          = 910163968                              {manageable} {ergonomic}
     bool UseCompressedOops                        = true                           {product lp64_product} {ergonomic}
     bool UseG1GC                                  = true                                      {product} {ergonomic}
     bool UseLargePagesIndividualAllocation        = false                                  {pd product} {ergonomic}

Logging:
Log output configuration:
 #0: stdout all=warning uptime,level,tags foldmultilines=false
 #1: stderr all=off uptime,level,tags foldmultilines=false

Release file:
IMPLEMENTOR="Oracle Corporation" 
JAVA_RUNTIME_VERSION="25.0.2+10-LTS-69" 
JAVA_VERSION="25.0.2" 
JAVA_VERSION_DATE="2026-01-20" 
LIBC="default" 
MODULES="java.base java.compiler java.datatransfer java.xml java.prefs java.desktop java.instrument java.logging java.management java.security.sasl java.naming java.rmi java.management.rmi java.net.http java.scripting java.security.jgss java.transaction.xa java.sql java.sql.rowset java.xml.crypto java.se java.smartcardio jdk.accessibility jdk.internal.jvmstat jdk.attach jdk.charsets jdk.internal.opt jdk.zipfs jdk.compiler jdk.crypto.cryptoki jdk.crypto.ec jdk.crypto.mscapi jdk.dynalink jdk.internal.ed jdk.editpad jdk.internal.vm.ci jdk.graal.compiler jdk.graal.compiler.management jdk.hotspot.agent jdk.httpserver jdk.incubator.vector jdk.internal.le jdk.internal.md jdk.jartool jdk.javadoc jdk.jcmd jdk.management jdk.management.agent jdk.jconsole jdk.jdeps jdk.jdwp.agent jdk.jdi jdk.jfr jdk.jlink jdk.jpackage jdk.jshell jdk.jsobject jdk.jstatd jdk.localedata jdk.management.jfr jdk.naming.dns jdk.naming.rmi jdk.net jdk.nio.mapmode jdk.sctp jdk.security.auth jdk.security.jgss jdk.unsupported jdk.unsupported.desktop jdk.xml.dom" 
OS_ARCH="x86_64" 
OS_NAME="Windows" 
SOURCE=".:git:b75efb40c93a open:git:405a5699ebd0" 

Environment Variables:
PATH=C:\Program Files\Common Files\Oracle\Java\javapath;C:\Windows\system32;C:\Windows;C:\Windows\System32\Wbem;C:\Windows\System32\WindowsPowerShell\v1.0\;C:\Windows\System32\OpenSSH\;C:\Program Files (x86)\Microsoft SQL Server\170\Tools\Binn\;C:\Program Files\Microsoft SQL Server\170\Tools\Binn\;C:\Program Files\Microsoft SQL Server\Client SDK\ODBC\180\Tools\Binn\;C:\Program Files\Microsoft SQL Server\170\DTS\Binn\;C:\Program Files\Git\cmd;C:\Users\Win-10\AppData\Local\Microsoft\WindowsApps;C:\Program Files\JetBrains\IntelliJ IDEA 2025.3.2\New\bin\IntelliJ IDEA 2025.3.2\bin
USERNAME=Win-10
OS=Windows_NT
PROCESSOR_IDENTIFIER=AMD64 Family 21 Model 112 Stepping 0, AuthenticAMD
TMP=C:\Users\Win-10\AppData\Local\Temp
TEMP=C:\Users\Win-10\AppData\Local\Temp




Compilation memory statistics disabled.

Periodic native trim disabled

---------------  S Y S T E M  ---------------

OS:
 Windows 10 , 64 bit Build 19041 (10.0.19041.5915)
OS uptime: 20 days 11:58 hours

CPU: total 2 (initial active 2) (2 cores per cpu, 1 threads per core) family 21 model 112 stepping 0 microcode 0x0, cx8, cmov, fxsr, mmx, 3dnowpref, sse, sse2, sse3, ssse3, sse4a, sse4.1, sse4.2, popcnt, lzcnt, tsc, tscinvbit, avx, avx2, aes, clmul, bmi1, bmi2, fma, vzeroupper, clflush, rdtscp, f16c
Processor Information for the first 2 processors :
  Max Mhz: 2600, Current Mhz: 2600, Mhz Limit: 2600

Memory: 4k page, system-wide physical 3471M (98M free)
TotalPageFile size 14223M (AvailPageFile size 14M)
current process WorkingSet (physical memory assigned to process): 55M, peak: 93M
current process commit charge ("private bytes"): 152M, peak: 156M

vm_info: Java HotSpot(TM) 64-Bit Server VM (25.0.2+10-LTS-69) for windows-amd64 JRE (25.0.2+10-LTS-69), built on 2025-12-18T11:36:35Z with MS VC++ 17.13 (VS2022)

END.
